<?xml version="1.0" encoding="UTF-8"?>
<TestRun id="2847c403-7c51-48bc-9774-648b3c2465b0" name="Admin@ADMIN-PC 2013-06-21 16:29:07" runUser="Admin-PC\Admin" xmlns="http://microsoft.com/schemas/VisualStudio/TeamTest/2010">
  <TestSettings name="Local" id="73383d59-997e-43b0-8419-a5b20335aa59">
    <Description>These are default test settings for a local test run.</Description>
    <Deployment runDeploymentRoot="Admin_ADMIN-PC 2013-06-21 16_29_07">
      <DeploymentItem filename="SeleniumTest\Controls\" />
      <DeploymentItem filename="E:\TestSelenium\SeleniumTest\References\AppacitiveAutomationFramework.dll" />
    </Deployment>
    <Execution>
      <TestTypeSpecific>
        <UnitTestRunConfig testTypeId="13cdc9d9-ddb5-4fa4-a97d-d965ccfc6d4b">
          <AssemblyResolution>
            <TestDirectory useLoadContext="true" />
          </AssemblyResolution>
        </UnitTestRunConfig>
        <WebTestRunConfiguration testTypeId="4e7599fa-5ecb-43e9-a887-cd63cf72d207">
          <Browser name="Internet Explorer 7.0">
            <Headers>
              <Header name="User-Agent" value="Mozilla/4.0 (compatible; MSIE 7.0; Windows NT 5.1)" />
              <Header name="Accept" value="*/*" />
              <Header name="Accept-Language" value="{{$IEAcceptLanguage}}" />
              <Header name="Accept-Encoding" value="GZIP" />
            </Headers>
          </Browser>
        </WebTestRunConfiguration>
      </TestTypeSpecific>
      <AgentRule name="LocalMachineDefaultRole">
      </AgentRule>
    </Execution>
  </TestSettings>
  <Times creation="2013-06-21T16:29:07.3374011+05:30" queuing="2013-06-21T16:29:12.6137029+05:30" start="2013-06-21T16:29:12.9347213+05:30" finish="2013-06-21T16:31:21.4900742+05:30" />
  <ResultSummary outcome="Completed">
    <Counters total="1" executed="1" passed="1" error="0" failed="0" timeout="0" aborted="0" inconclusive="0" passedButRunAborted="0" notRunnable="0" notExecuted="0" disconnected="0" warning="0" completed="0" inProgress="0" pending="0" />
  </ResultSummary>
  <TestDefinitions>
    <UnitTest name="HowToCheckPageTitle" storage="e:\testselenium\seleniumtest\seleniumtest\bin\debug\seleniumtest.dll" id="9bfe9322-9f03-050e-de99-e5738f132fb3">
      <Execution id="04723097-d5eb-4a4a-8236-bceef90f0770" />
      <TestMethod codeBase="E:/TestSelenium/SeleniumTest/SeleniumTest/bin/Debug/SeleniumTest.DLL" adapterTypeName="Microsoft.VisualStudio.TestTools.TestTypes.Unit.UnitTestAdapter, Microsoft.VisualStudio.QualityTools.Tips.UnitTest.Adapter, Version=10.0.0.0, Culture=neutral, PublicKeyToken=b03f5f7f11d50a3a" className="SeleniumTest.UnitTest1, SeleniumTest, Version=1.0.0.0, Culture=neutral, PublicKeyToken=null" name="HowToCheckPageTitle" />
    </UnitTest>
  </TestDefinitions>
  <TestLists>
    <TestList name="Results Not in a List" id="8c84fa94-04c1-424b-9868-57a2d4851a1d" />
    <TestList name="All Loaded Results" id="19431567-8539-422a-85d7-44ee4e166bda" />
  </TestLists>
  <TestEntries>
    <TestEntry testId="9bfe9322-9f03-050e-de99-e5738f132fb3" executionId="04723097-d5eb-4a4a-8236-bceef90f0770" testListId="8c84fa94-04c1-424b-9868-57a2d4851a1d" />
  </TestEntries>
  <Results>
    <UnitTestResult executionId="04723097-d5eb-4a4a-8236-bceef90f0770" testId="9bfe9322-9f03-050e-de99-e5738f132fb3" testName="HowToCheckPageTitle" computerName="ADMIN-PC" duration="00:02:06.2917346" startTime="2013-06-21T16:29:13.2087370+05:30" endTime="2013-06-21T16:31:21.1620555+05:30" testType="13cdc9d9-ddb5-4fa4-a97d-d965ccfc6d4b" outcome="Passed" testListId="8c84fa94-04c1-424b-9868-57a2d4851a1d" relativeResultsDirectory="04723097-d5eb-4a4a-8236-bceef90f0770">
      <Output>
        <StdOut>Looking for: pageTitle
Got pageTitle</StdOut>
      </Output>
    </UnitTestResult>
  </Results>
</TestRun>