<?xml version="1.0" encoding="UTF-8"?>
<TestRun id="22eb88b3-7cdb-4a5f-97d4-49e75a1553d4" name="Admin@ADMIN-PC 2013-06-25 15:37:13" runUser="Admin-PC\Admin" xmlns="http://microsoft.com/schemas/VisualStudio/TeamTest/2010">
  <TestSettings name="Local" id="73383d59-997e-43b0-8419-a5b20335aa59">
    <Description>These are default test settings for a local test run.</Description>
    <Deployment runDeploymentRoot="Admin_ADMIN-PC 2013-06-25 15_37_13">
      <DeploymentItem filename="SeleniumTest\Controls\" />
      <DeploymentItem filename="E:\TestSelenium\SeleniumTest\References\AppacitiveAutomationFramework.dll" />
    </Deployment>
    <Execution>
      <TestTypeSpecific>
        <UnitTestRunConfig testTypeId="13cdc9d9-ddb5-4fa4-a97d-d965ccfc6d4b">
          <AssemblyResolution>
            <TestDirectory useLoadContext="true" />
          </AssemblyResolution>
        </UnitTestRunConfig>
        <WebTestRunConfiguration testTypeId="4e7599fa-5ecb-43e9-a887-cd63cf72d207">
          <Browser name="Internet Explorer 7.0">
            <Headers>
              <Header name="User-Agent" value="Mozilla/4.0 (compatible; MSIE 7.0; Windows NT 5.1)" />
              <Header name="Accept" value="*/*" />
              <Header name="Accept-Language" value="{{$IEAcceptLanguage}}" />
              <Header name="Accept-Encoding" value="GZIP" />
            </Headers>
          </Browser>
        </WebTestRunConfiguration>
      </TestTypeSpecific>
      <AgentRule name="LocalMachineDefaultRole">
      </AgentRule>
    </Execution>
  </TestSettings>
  <Times creation="2013-06-25T15:37:13.9303501+05:30" queuing="2013-06-25T15:37:15.6964512+05:30" start="2013-06-25T15:37:15.9714669+05:30" finish="2013-06-25T15:39:03.5676210+05:30" />
  <ResultSummary outcome="Error">
    <Counters total="1" executed="1" error="0" failed="0" timeout="0" aborted="1" inconclusive="0" passedButRunAborted="0" notRunnable="0" notExecuted="0" disconnected="0" warning="0" passed="0" completed="0" inProgress="0" pending="0" />
    <RunInfos>
      <RunInfo computerName="ADMIN-PC" outcome="Error" timestamp="2013-06-25T15:39:03.5656209+05:30">
        <Text>Test host process exited unexpectedly.</Text>
      </RunInfo>
    </RunInfos>
  </ResultSummary>
  <TestDefinitions>
    <UnitTest name="HowToSelectAnElementFromADropDown" storage="e:\testselenium\seleniumtest\seleniumtest\bin\debug\seleniumtest.dll" id="d8710cb6-e882-c95a-ff7b-7efcd65d61b8">
      <Execution id="adc3813e-7ebd-4077-b9f0-a12db2be8945" />
      <TestMethod codeBase="E:/TestSelenium/SeleniumTest/SeleniumTest/bin/Debug/SeleniumTest.DLL" adapterTypeName="Microsoft.VisualStudio.TestTools.TestTypes.Unit.UnitTestAdapter, Microsoft.VisualStudio.QualityTools.Tips.UnitTest.Adapter, Version=10.0.0.0, Culture=neutral, PublicKeyToken=b03f5f7f11d50a3a" className="SeleniumTest.AutomationSamples, SeleniumTest, Version=1.0.0.0, Culture=neutral, PublicKeyToken=null" name="HowToSelectAnElementFromADropDown" />
    </UnitTest>
  </TestDefinitions>
  <TestLists>
    <TestList name="Results Not in a List" id="8c84fa94-04c1-424b-9868-57a2d4851a1d" />
    <TestList name="All Loaded Results" id="19431567-8539-422a-85d7-44ee4e166bda" />
  </TestLists>
  <TestEntries>
    <TestEntry testId="d8710cb6-e882-c95a-ff7b-7efcd65d61b8" executionId="adc3813e-7ebd-4077-b9f0-a12db2be8945" testListId="8c84fa94-04c1-424b-9868-57a2d4851a1d" />
  </TestEntries>
  <Results>
    <UnitTestResult executionId="adc3813e-7ebd-4077-b9f0-a12db2be8945" testId="d8710cb6-e882-c95a-ff7b-7efcd65d61b8" testName="HowToSelectAnElementFromADropDown" computerName="ADMIN-PC" duration="00:01:47.4051432" startTime="2013-06-25T15:37:16.1624778+05:30" endTime="2013-06-25T15:39:03.5676210+05:30" testType="13cdc9d9-ddb5-4fa4-a97d-d965ccfc6d4b" outcome="Aborted" testListId="8c84fa94-04c1-424b-9868-57a2d4851a1d" relativeResultsDirectory="adc3813e-7ebd-4077-b9f0-a12db2be8945">
    </UnitTestResult>
  </Results>
</TestRun>