<?xml version="1.0" encoding="UTF-8"?>
<TestRun id="a6507869-d3a8-4c62-8f5d-b6eeade683a8" name="Admin@ADMIN-PC 2013-06-24 18:51:55" runUser="Admin-PC\Admin" xmlns="http://microsoft.com/schemas/VisualStudio/TeamTest/2010">
  <TestSettings name="Local" id="73383d59-997e-43b0-8419-a5b20335aa59">
    <Description>These are default test settings for a local test run.</Description>
    <Deployment runDeploymentRoot="Admin_ADMIN-PC 2013-06-24 18_51_55">
      <DeploymentItem filename="SeleniumTest\Controls\" />
      <DeploymentItem filename="E:\TestSelenium\SeleniumTest\References\AppacitiveAutomationFramework.dll" />
    </Deployment>
    <Execution>
      <TestTypeSpecific>
        <UnitTestRunConfig testTypeId="13cdc9d9-ddb5-4fa4-a97d-d965ccfc6d4b">
          <AssemblyResolution>
            <TestDirectory useLoadContext="true" />
          </AssemblyResolution>
        </UnitTestRunConfig>
        <WebTestRunConfiguration testTypeId="4e7599fa-5ecb-43e9-a887-cd63cf72d207">
          <Browser name="Internet Explorer 7.0">
            <Headers>
              <Header name="User-Agent" value="Mozilla/4.0 (compatible; MSIE 7.0; Windows NT 5.1)" />
              <Header name="Accept" value="*/*" />
              <Header name="Accept-Language" value="{{$IEAcceptLanguage}}" />
              <Header name="Accept-Encoding" value="GZIP" />
            </Headers>
          </Browser>
        </WebTestRunConfiguration>
      </TestTypeSpecific>
      <AgentRule name="LocalMachineDefaultRole">
      </AgentRule>
    </Execution>
  </TestSettings>
  <Times creation="2013-06-24T18:51:55.4629809+05:30" queuing="2013-06-24T18:51:56.7990573+05:30" start="2013-06-24T18:51:56.9720672+05:30" finish="2013-06-24T18:52:23.5445871+05:30" />
  <ResultSummary outcome="Completed">
    <Counters total="1" executed="1" passed="1" error="0" failed="0" timeout="0" aborted="0" inconclusive="0" passedButRunAborted="0" notRunnable="0" notExecuted="0" disconnected="0" warning="0" completed="0" inProgress="0" pending="0" />
  </ResultSummary>
  <TestDefinitions>
    <UnitTest name="LoginWithFacebook" storage="e:\testselenium\seleniumtest\seleniumtest\bin\debug\seleniumtest.dll" id="056b6efd-bef4-6cb2-5a6b-ceb9a6ea51e4">
      <Execution id="5f057363-201a-45f3-bf86-df312b34f8f5" />
      <TestMethod codeBase="E:/TestSelenium/SeleniumTest/SeleniumTest/bin/Debug/SeleniumTest.DLL" adapterTypeName="Microsoft.VisualStudio.TestTools.TestTypes.Unit.UnitTestAdapter, Microsoft.VisualStudio.QualityTools.Tips.UnitTest.Adapter, Version=10.0.0.0, Culture=neutral, PublicKeyToken=b03f5f7f11d50a3a" className="SeleniumTest.AutomationSamples, SeleniumTest, Version=1.0.0.0, Culture=neutral, PublicKeyToken=null" name="LoginWithFacebook" />
    </UnitTest>
  </TestDefinitions>
  <TestLists>
    <TestList name="Results Not in a List" id="8c84fa94-04c1-424b-9868-57a2d4851a1d" />
    <TestList name="All Loaded Results" id="19431567-8539-422a-85d7-44ee4e166bda" />
  </TestLists>
  <TestEntries>
    <TestEntry testId="056b6efd-bef4-6cb2-5a6b-ceb9a6ea51e4" executionId="5f057363-201a-45f3-bf86-df312b34f8f5" testListId="8c84fa94-04c1-424b-9868-57a2d4851a1d" />
  </TestEntries>
  <Results>
    <UnitTestResult executionId="5f057363-201a-45f3-bf86-df312b34f8f5" testId="056b6efd-bef4-6cb2-5a6b-ceb9a6ea51e4" testName="LoginWithFacebook" computerName="ADMIN-PC" duration="00:00:25.2980066" startTime="2013-06-24T18:51:57.0110694+05:30" endTime="2013-06-24T18:52:23.4585822+05:30" testType="13cdc9d9-ddb5-4fa4-a97d-d965ccfc6d4b" outcome="Passed" testListId="8c84fa94-04c1-424b-9868-57a2d4851a1d" relativeResultsDirectory="5f057363-201a-45f3-bf86-df312b34f8f5">
      <Output>
        <StdOut>Started waiting for SignUpLink for maximum 15 sec
Looking for: SignUpLink
Got SignUpLink
Got element.
Going to click on SignUpLink
Clicked successfully on SignUpLink
Started waiting for btnLoginWithFacebook for maximum 10 sec
Looking for: btnLoginWithFacebook
Got btnLoginWithFacebook
Got element.
Going to click on btnLoginWithFacebook
Clicked successfully on btnLoginWithFacebook
Looking for: email
Got email
Looking for: password
Got password
Looking for: btnLogin
Got btnLogin
Going to click on btnLogin
Clicked successfully on btnLogin</StdOut>
      </Output>
    </UnitTestResult>
  </Results>
</TestRun>