<?xml version="1.0" encoding="UTF-8"?>
<TestRun id="714651cf-128f-4ff2-8bf2-a661aac9cf63" name="Admin@ADMIN-PC 2013-06-25 12:44:37" runUser="Admin-PC\Admin" xmlns="http://microsoft.com/schemas/VisualStudio/TeamTest/2010">
  <TestSettings name="Local" id="73383d59-997e-43b0-8419-a5b20335aa59">
    <Description>These are default test settings for a local test run.</Description>
    <Deployment runDeploymentRoot="Admin_ADMIN-PC 2013-06-25 12_44_37">
      <DeploymentItem filename="SeleniumTest\Controls\" />
      <DeploymentItem filename="E:\TestSelenium\SeleniumTest\References\AppacitiveAutomationFramework.dll" />
    </Deployment>
    <Execution>
      <TestTypeSpecific>
        <UnitTestRunConfig testTypeId="13cdc9d9-ddb5-4fa4-a97d-d965ccfc6d4b">
          <AssemblyResolution>
            <TestDirectory useLoadContext="true" />
          </AssemblyResolution>
        </UnitTestRunConfig>
        <WebTestRunConfiguration testTypeId="4e7599fa-5ecb-43e9-a887-cd63cf72d207">
          <Browser name="Internet Explorer 7.0">
            <Headers>
              <Header name="User-Agent" value="Mozilla/4.0 (compatible; MSIE 7.0; Windows NT 5.1)" />
              <Header name="Accept" value="*/*" />
              <Header name="Accept-Language" value="{{$IEAcceptLanguage}}" />
              <Header name="Accept-Encoding" value="GZIP" />
            </Headers>
          </Browser>
        </WebTestRunConfiguration>
      </TestTypeSpecific>
      <AgentRule name="LocalMachineDefaultRole">
      </AgentRule>
    </Execution>
  </TestSettings>
  <Times creation="2013-06-25T12:44:37.3530840+05:30" queuing="2013-06-25T12:44:38.7641647+05:30" start="2013-06-25T12:44:38.8941722+05:30" finish="2013-06-25T12:45:07.1617890+05:30" />
  <ResultSummary outcome="Completed">
    <Counters total="1" executed="1" passed="1" error="0" failed="0" timeout="0" aborted="0" inconclusive="0" passedButRunAborted="0" notRunnable="0" notExecuted="0" disconnected="0" warning="0" completed="0" inProgress="0" pending="0" />
  </ResultSummary>
  <TestDefinitions>
    <UnitTest name="ManageWindowsUsingTitle" storage="e:\testselenium\seleniumtest\seleniumtest\bin\debug\seleniumtest.dll" id="32d859a5-e446-db5a-4306-d3ee512f4099">
      <Execution id="85eb1135-9d63-41e9-9765-f58923c24df2" />
      <TestMethod codeBase="E:/TestSelenium/SeleniumTest/SeleniumTest/bin/Debug/SeleniumTest.DLL" adapterTypeName="Microsoft.VisualStudio.TestTools.TestTypes.Unit.UnitTestAdapter, Microsoft.VisualStudio.QualityTools.Tips.UnitTest.Adapter, Version=10.0.0.0, Culture=neutral, PublicKeyToken=b03f5f7f11d50a3a" className="SeleniumTest.AutomationSamples, SeleniumTest, Version=1.0.0.0, Culture=neutral, PublicKeyToken=null" name="ManageWindowsUsingTitle" />
    </UnitTest>
  </TestDefinitions>
  <TestLists>
    <TestList name="Results Not in a List" id="8c84fa94-04c1-424b-9868-57a2d4851a1d" />
    <TestList name="All Loaded Results" id="19431567-8539-422a-85d7-44ee4e166bda" />
  </TestLists>
  <TestEntries>
    <TestEntry testId="32d859a5-e446-db5a-4306-d3ee512f4099" executionId="85eb1135-9d63-41e9-9765-f58923c24df2" testListId="8c84fa94-04c1-424b-9868-57a2d4851a1d" />
  </TestEntries>
  <Results>
    <UnitTestResult executionId="85eb1135-9d63-41e9-9765-f58923c24df2" testId="32d859a5-e446-db5a-4306-d3ee512f4099" testName="ManageWindowsUsingTitle" computerName="ADMIN-PC" duration="00:00:25.7851466" startTime="2013-06-25T12:44:38.9361746+05:30" endTime="2013-06-25T12:45:06.1077287+05:30" testType="13cdc9d9-ddb5-4fa4-a97d-d965ccfc6d4b" outcome="Passed" testListId="8c84fa94-04c1-424b-9868-57a2d4851a1d" relativeResultsDirectory="85eb1135-9d63-41e9-9765-f58923c24df2">
      <Output>
        <StdOut>Started waiting for SignUpLink for maximum 15 sec
Looking for: SignUpLink
Got SignUpLink
Got element.
Going to click on SignUpLink
Clicked successfully on SignUpLink
Started waiting for btnLoginWithFacebook for maximum 10 sec
Looking for: btnLoginWithFacebook
Got btnLoginWithFacebook
Got element.
Going to click on btnLoginWithFacebook
Clicked successfully on btnLoginWithFacebook
Looking for: email
Got email
Looking for: password
Got password
Looking for: btnLogin
Got btnLogin
Going to click on btnLogin
Clicked successfully on btnLogin</StdOut>
      </Output>
    </UnitTestResult>
  </Results>
</TestRun>