<?xml version="1.0" encoding="UTF-8"?>
<TestRun id="d2b83b99-2753-45dc-a6e2-32e53d1da2e8" name="Admin@ADMIN-PC 2013-06-24 12:05:21" runUser="Admin-PC\Admin" xmlns="http://microsoft.com/schemas/VisualStudio/TeamTest/2010">
  <TestSettings name="Local" id="73383d59-997e-43b0-8419-a5b20335aa59">
    <Description>These are default test settings for a local test run.</Description>
    <Deployment runDeploymentRoot="Admin_ADMIN-PC 2013-06-24 12_05_21">
      <DeploymentItem filename="SeleniumTest\Controls\" />
      <DeploymentItem filename="E:\TestSelenium\SeleniumTest\References\AppacitiveAutomationFramework.dll" />
    </Deployment>
    <Execution>
      <TestTypeSpecific>
        <UnitTestRunConfig testTypeId="13cdc9d9-ddb5-4fa4-a97d-d965ccfc6d4b">
          <AssemblyResolution>
            <TestDirectory useLoadContext="true" />
          </AssemblyResolution>
        </UnitTestRunConfig>
        <WebTestRunConfiguration testTypeId="4e7599fa-5ecb-43e9-a887-cd63cf72d207">
          <Browser name="Internet Explorer 7.0">
            <Headers>
              <Header name="User-Agent" value="Mozilla/4.0 (compatible; MSIE 7.0; Windows NT 5.1)" />
              <Header name="Accept" value="*/*" />
              <Header name="Accept-Language" value="{{$IEAcceptLanguage}}" />
              <Header name="Accept-Encoding" value="GZIP" />
            </Headers>
          </Browser>
        </WebTestRunConfiguration>
      </TestTypeSpecific>
      <AgentRule name="LocalMachineDefaultRole">
      </AgentRule>
    </Execution>
  </TestSettings>
  <Times creation="2013-06-24T12:05:21.3636157+05:30" queuing="2013-06-24T12:05:22.4486778+05:30" start="2013-06-24T12:05:22.7136929+05:30" finish="2013-06-24T12:06:04.5180840+05:30" />
  <ResultSummary outcome="Error">
    <Counters total="1" executed="1" error="0" failed="0" timeout="0" aborted="1" inconclusive="0" passedButRunAborted="0" notRunnable="0" notExecuted="0" disconnected="0" warning="0" passed="0" completed="0" inProgress="0" pending="0" />
    <RunInfos>
      <RunInfo computerName="ADMIN-PC" outcome="Error" timestamp="2013-06-24T12:06:04.5170839+05:30">
        <Text>Test host process exited unexpectedly.</Text>
      </RunInfo>
    </RunInfos>
  </ResultSummary>
  <TestDefinitions>
    <UnitTest name="HowTohangeTabs" storage="e:\testselenium\seleniumtest\seleniumtest\bin\debug\seleniumtest.dll" id="51738c92-b8a9-976a-d5e3-7f015ba1f3ee">
      <Execution id="460a2914-a848-4e50-ba1a-916a1cf14f6e" />
      <TestMethod codeBase="E:/TestSelenium/SeleniumTest/SeleniumTest/bin/Debug/SeleniumTest.DLL" adapterTypeName="Microsoft.VisualStudio.TestTools.TestTypes.Unit.UnitTestAdapter, Microsoft.VisualStudio.QualityTools.Tips.UnitTest.Adapter, Version=10.0.0.0, Culture=neutral, PublicKeyToken=b03f5f7f11d50a3a" className="SeleniumTest.AutomationSamples, SeleniumTest, Version=1.0.0.0, Culture=neutral, PublicKeyToken=null" name="HowTohangeTabs" />
    </UnitTest>
  </TestDefinitions>
  <TestLists>
    <TestList name="Results Not in a List" id="8c84fa94-04c1-424b-9868-57a2d4851a1d" />
    <TestList name="All Loaded Results" id="19431567-8539-422a-85d7-44ee4e166bda" />
  </TestLists>
  <TestEntries>
    <TestEntry testId="51738c92-b8a9-976a-d5e3-7f015ba1f3ee" executionId="460a2914-a848-4e50-ba1a-916a1cf14f6e" testListId="8c84fa94-04c1-424b-9868-57a2d4851a1d" />
  </TestEntries>
  <Results>
    <UnitTestResult executionId="460a2914-a848-4e50-ba1a-916a1cf14f6e" testId="51738c92-b8a9-976a-d5e3-7f015ba1f3ee" testName="HowTohangeTabs" computerName="ADMIN-PC" duration="00:00:41.6283810" startTime="2013-06-24T12:05:22.8897030+05:30" endTime="2013-06-24T12:06:04.5180840+05:30" testType="13cdc9d9-ddb5-4fa4-a97d-d965ccfc6d4b" outcome="Aborted" testListId="8c84fa94-04c1-424b-9868-57a2d4851a1d" relativeResultsDirectory="460a2914-a848-4e50-ba1a-916a1cf14f6e">
    </UnitTestResult>
  </Results>
</TestRun>