<?xml version="1.0" encoding="UTF-8"?>
<TestRun id="0cfe9624-2cf9-47b7-9f7d-1112fade22e8" name="Admin@ADMIN-PC 2013-07-01 11:21:19" runUser="Admin-PC\Admin" xmlns="http://microsoft.com/schemas/VisualStudio/TeamTest/2010">
  <TestSettings name="Local" id="73383d59-997e-43b0-8419-a5b20335aa59">
    <Description>These are default test settings for a local test run.</Description>
    <Deployment runDeploymentRoot="Admin_ADMIN-PC 2013-07-01 11_21_19">
      <DeploymentItem filename="SeleniumTest\Controls\" />
      <DeploymentItem filename="E:\TestSelenium\SeleniumTest\References\AppacitiveAutomationFramework.dll" />
    </Deployment>
    <Execution>
      <TestTypeSpecific>
        <UnitTestRunConfig testTypeId="13cdc9d9-ddb5-4fa4-a97d-d965ccfc6d4b">
          <AssemblyResolution>
            <TestDirectory useLoadContext="true" />
          </AssemblyResolution>
        </UnitTestRunConfig>
        <WebTestRunConfiguration testTypeId="4e7599fa-5ecb-43e9-a887-cd63cf72d207">
          <Browser name="Internet Explorer 7.0">
            <Headers>
              <Header name="User-Agent" value="Mozilla/4.0 (compatible; MSIE 7.0; Windows NT 5.1)" />
              <Header name="Accept" value="*/*" />
              <Header name="Accept-Language" value="{{$IEAcceptLanguage}}" />
              <Header name="Accept-Encoding" value="GZIP" />
            </Headers>
          </Browser>
        </WebTestRunConfiguration>
      </TestTypeSpecific>
      <AgentRule name="LocalMachineDefaultRole">
      </AgentRule>
    </Execution>
  </TestSettings>
  <Times creation="2013-07-01T11:21:19.4481422+05:30" queuing="2013-07-01T11:21:39.4762877+05:30" start="2013-07-01T11:21:40.0673216+05:30" finish="2013-07-01T11:22:48.4152308+05:30" />
  <ResultSummary outcome="Error">
    <Counters total="1" executed="1" error="0" failed="0" timeout="0" aborted="1" inconclusive="0" passedButRunAborted="0" notRunnable="0" notExecuted="0" disconnected="0" warning="0" passed="0" completed="0" inProgress="0" pending="0" />
    <RunInfos>
      <RunInfo computerName="ADMIN-PC" outcome="Error" timestamp="2013-07-01T11:22:48.4132307+05:30">
        <Text>Test host process exited unexpectedly.</Text>
      </RunInfo>
    </RunInfos>
  </ResultSummary>
  <TestDefinitions>
    <UnitTest name="SelectALinkUsingPartialMatch" storage="e:\testselenium\seleniumtest\seleniumtest\bin\debug\seleniumtest.dll" id="303a22fe-00f7-8a2f-17aa-3e1455e380ee">
      <Execution id="3dcc6712-12f4-4039-ab72-057141757c43" />
      <TestMethod codeBase="E:/TestSelenium/SeleniumTest/SeleniumTest/bin/Debug/SeleniumTest.DLL" adapterTypeName="Microsoft.VisualStudio.TestTools.TestTypes.Unit.UnitTestAdapter, Microsoft.VisualStudio.QualityTools.Tips.UnitTest.Adapter, Version=10.0.0.0, Culture=neutral, PublicKeyToken=b03f5f7f11d50a3a" className="SeleniumTest.AutomationSamples, SeleniumTest, Version=1.0.0.0, Culture=neutral, PublicKeyToken=null" name="SelectALinkUsingPartialMatch" />
    </UnitTest>
  </TestDefinitions>
  <TestLists>
    <TestList name="Results Not in a List" id="8c84fa94-04c1-424b-9868-57a2d4851a1d" />
    <TestList name="All Loaded Results" id="19431567-8539-422a-85d7-44ee4e166bda" />
  </TestLists>
  <TestEntries>
    <TestEntry testId="303a22fe-00f7-8a2f-17aa-3e1455e380ee" executionId="3dcc6712-12f4-4039-ab72-057141757c43" testListId="8c84fa94-04c1-424b-9868-57a2d4851a1d" />
  </TestEntries>
  <Results>
    <UnitTestResult executionId="3dcc6712-12f4-4039-ab72-057141757c43" testId="303a22fe-00f7-8a2f-17aa-3e1455e380ee" testName="SelectALinkUsingPartialMatch" computerName="ADMIN-PC" duration="00:01:08.0318912" startTime="2013-07-01T11:21:40.3833396+05:30" endTime="2013-07-01T11:22:48.4152308+05:30" testType="13cdc9d9-ddb5-4fa4-a97d-d965ccfc6d4b" outcome="Aborted" testListId="8c84fa94-04c1-424b-9868-57a2d4851a1d" relativeResultsDirectory="3dcc6712-12f4-4039-ab72-057141757c43">
    </UnitTestResult>
  </Results>
</TestRun>